
*** Running vivado
    with args -log demonstration.vdi -applog -m64 -product Vivado -messageDb vivado.pb -mode batch -source demonstration.tcl -notrace



****** Vivado v2022.2 (64-bit)
  **** SW Build 3671981 on Fri Oct 14 05:00:03 MDT 2022
  **** IP Build 3669848 on Fri Oct 14 08:30:02 MDT 2022
    ** Copyright 1986-2022 Xilinx, Inc. All Rights Reserved.

source demonstration.tcl -notrace
create_project: Time (s): cpu = 00:00:06 ; elapsed = 00:00:06 . Memory (MB): peak = 414.883 ; gain = 99.008
Command: link_design -top demonstration -part xc7z010clg400-1
Design is defaulting to srcset: sources_1
Design is defaulting to constrset: constrs_1
INFO: [Device 21-403] Loading part xc7z010clg400-1
Netlist sorting complete. Time (s): cpu = 00:00:00 ; elapsed = 00:00:00.070 . Memory (MB): peak = 817.320 ; gain = 0.000
INFO: [Netlist 29-17] Analyzing 191 Unisim elements for replacement
INFO: [Netlist 29-28] Unisim Transformation completed in 0 CPU seconds
INFO: [Project 1-479] Netlist was created with Vivado 2022.2
INFO: [Project 1-570] Preparing netlist for logic optimization
Parsing XDC File [C:/Users/aluno/Documents/cortex-m0-v6/cortex-m0-slowed/cortex_m0.srcs/constrs_1/new/constraints.xdc]
Finished Parsing XDC File [C:/Users/aluno/Documents/cortex-m0-v6/cortex-m0-slowed/cortex_m0.srcs/constrs_1/new/constraints.xdc]
INFO: [Opt 31-138] Pushed 0 inverter(s) to 0 load pin(s).
Netlist sorting complete. Time (s): cpu = 00:00:00 ; elapsed = 00:00:00.002 . Memory (MB): peak = 966.473 ; gain = 0.000
INFO: [Project 1-111] Unisim Transformation Summary:
No Unisim elements were transformed.

7 Infos, 0 Warnings, 0 Critical Warnings and 0 Errors encountered.
link_design completed successfully
link_design: Time (s): cpu = 00:00:06 ; elapsed = 00:00:07 . Memory (MB): peak = 970.473 ; gain = 550.613
Command: opt_design
Attempting to get a license for feature 'Implementation' and/or device 'xc7z010'
INFO: [Common 17-349] Got license for feature 'Implementation' and/or device 'xc7z010'
Running DRC as a precondition to command opt_design

Starting DRC Task
INFO: [DRC 23-27] Running DRC with 2 threads
INFO: [Project 1-461] DRC finished with 0 Errors
INFO: [Project 1-462] Please refer to the DRC report (report_drc) for more information.

Time (s): cpu = 00:00:01 ; elapsed = 00:00:00.985 . Memory (MB): peak = 988.477 ; gain = 18.004

Starting Cache Timing Information Task
INFO: [Timing 38-35] Done setting XDC timing constraints.
Ending Cache Timing Information Task | Checksum: ccff08a7

Time (s): cpu = 00:00:07 ; elapsed = 00:00:07 . Memory (MB): peak = 1533.648 ; gain = 545.172

Starting Logic Optimization Task

Phase 1 Retarget
INFO: [Opt 31-138] Pushed 0 inverter(s) to 0 load pin(s).
INFO: [Opt 31-49] Retargeted 0 cell(s).
Phase 1 Retarget | Checksum: ccff08a7

Time (s): cpu = 00:00:00 ; elapsed = 00:00:00.204 . Memory (MB): peak = 1864.121 ; gain = 0.000
INFO: [Opt 31-389] Phase Retarget created 0 cells and removed 0 cells

Phase 2 Constant propagation
INFO: [Opt 31-138] Pushed 0 inverter(s) to 0 load pin(s).
Phase 2 Constant propagation | Checksum: 10308dfd9

Time (s): cpu = 00:00:00 ; elapsed = 00:00:00.246 . Memory (MB): peak = 1864.121 ; gain = 0.000
INFO: [Opt 31-389] Phase Constant propagation created 0 cells and removed 0 cells

Phase 3 Sweep
Phase 3 Sweep | Checksum: d65e52e6

Time (s): cpu = 00:00:00 ; elapsed = 00:00:00.297 . Memory (MB): peak = 1864.121 ; gain = 0.000
INFO: [Opt 31-389] Phase Sweep created 0 cells and removed 0 cells

Phase 4 BUFG optimization
Phase 4 BUFG optimization | Checksum: d65e52e6

Time (s): cpu = 00:00:00 ; elapsed = 00:00:00.367 . Memory (MB): peak = 1864.121 ; gain = 0.000
INFO: [Opt 31-662] Phase BUFG optimization created 0 cells of which 0 are BUFGs and removed 0 cells.

Phase 5 Shift Register Optimization
INFO: [Opt 31-1064] SRL Remap converted 0 SRLs to 0 registers and converted 0 registers of register chains to 0 SRLs
Phase 5 Shift Register Optimization | Checksum: d65e52e6

Time (s): cpu = 00:00:00 ; elapsed = 00:00:00.377 . Memory (MB): peak = 1864.121 ; gain = 0.000
INFO: [Opt 31-389] Phase Shift Register Optimization created 0 cells and removed 0 cells

Phase 6 Post Processing Netlist
Phase 6 Post Processing Netlist | Checksum: d65e52e6

Time (s): cpu = 00:00:00 ; elapsed = 00:00:00.392 . Memory (MB): peak = 1864.121 ; gain = 0.000
INFO: [Opt 31-389] Phase Post Processing Netlist created 0 cells and removed 0 cells
Opt_design Change Summary
=========================


-------------------------------------------------------------------------------------------------------------------------
|  Phase                        |  #Cells created  |  #Cells Removed  |  #Constrained objects preventing optimizations  |
-------------------------------------------------------------------------------------------------------------------------
|  Retarget                     |               0  |               0  |                                              0  |
|  Constant propagation         |               0  |               0  |                                              0  |
|  Sweep                        |               0  |               0  |                                              0  |
|  BUFG optimization            |               0  |               0  |                                              0  |
|  Shift Register Optimization  |               0  |               0  |                                              0  |
|  Post Processing Netlist      |               0  |               0  |                                              0  |
-------------------------------------------------------------------------------------------------------------------------



Starting Connectivity Check Task

Time (s): cpu = 00:00:00 ; elapsed = 00:00:00.010 . Memory (MB): peak = 1864.121 ; gain = 0.000
Ending Logic Optimization Task | Checksum: 107a9cc17

Time (s): cpu = 00:00:00 ; elapsed = 00:00:00.431 . Memory (MB): peak = 1864.121 ; gain = 0.000

Starting Power Optimization Task
INFO: [Pwropt 34-132] Skipping clock gating for clocks with a period < 2.00 ns.
Ending Power Optimization Task | Checksum: 107a9cc17

Time (s): cpu = 00:00:00 ; elapsed = 00:00:00.011 . Memory (MB): peak = 1864.121 ; gain = 0.000

Starting Final Cleanup Task
Ending Final Cleanup Task | Checksum: 107a9cc17

Time (s): cpu = 00:00:00 ; elapsed = 00:00:00 . Memory (MB): peak = 1864.121 ; gain = 0.000

Starting Netlist Obfuscation Task
Netlist sorting complete. Time (s): cpu = 00:00:00 ; elapsed = 00:00:00.001 . Memory (MB): peak = 1864.121 ; gain = 0.000
Ending Netlist Obfuscation Task | Checksum: 107a9cc17

Time (s): cpu = 00:00:00 ; elapsed = 00:00:00.002 . Memory (MB): peak = 1864.121 ; gain = 0.000
INFO: [Common 17-83] Releasing license: Implementation
24 Infos, 0 Warnings, 0 Critical Warnings and 0 Errors encountered.
opt_design completed successfully
opt_design: Time (s): cpu = 00:00:11 ; elapsed = 00:00:11 . Memory (MB): peak = 1864.121 ; gain = 893.648
INFO: [Timing 38-480] Writing timing data to binary archive.
Writing XDEF routing.
Writing XDEF routing logical nets.
Writing XDEF routing special nets.
Write XDEF Complete: Time (s): cpu = 00:00:00 ; elapsed = 00:00:00.041 . Memory (MB): peak = 1864.121 ; gain = 0.000
INFO: [Common 17-1381] The checkpoint 'C:/Users/aluno/Documents/cortex-m0-v6/cortex-m0-slwd/cortex_m0.runs/impl_1/demonstration_opt.dcp' has been generated.
INFO: [runtcl-4] Executing : report_drc -file demonstration_drc_opted.rpt -pb demonstration_drc_opted.pb -rpx demonstration_drc_opted.rpx
Command: report_drc -file demonstration_drc_opted.rpt -pb demonstration_drc_opted.pb -rpx demonstration_drc_opted.rpx
INFO: [IP_Flow 19-234] Refreshing IP repositories
INFO: [IP_Flow 19-1704] No user IP repositories specified
INFO: [IP_Flow 19-2313] Loaded Vivado IP repository 'C:/Xilinx/Vivado/2022.2/data/ip'.
INFO: [DRC 23-27] Running DRC with 2 threads
INFO: [Vivado_Tcl 2-168] The results of DRC are in file C:/Users/aluno/Documents/cortex-m0-v6/cortex-m0-slwd/cortex_m0.runs/impl_1/demonstration_drc_opted.rpt.
report_drc completed successfully
Command: place_design
Attempting to get a license for feature 'Implementation' and/or device 'xc7z010'
INFO: [Common 17-349] Got license for feature 'Implementation' and/or device 'xc7z010'
INFO: [DRC 23-27] Running DRC with 2 threads
INFO: [Vivado_Tcl 4-198] DRC finished with 0 Errors
INFO: [Vivado_Tcl 4-199] Please refer to the DRC report (report_drc) for more information.
Running DRC as a precondition to command place_design
INFO: [DRC 23-27] Running DRC with 2 threads
INFO: [Vivado_Tcl 4-198] DRC finished with 0 Errors
INFO: [Vivado_Tcl 4-199] Please refer to the DRC report (report_drc) for more information.

Starting Placer Task
INFO: [Place 30-611] Multithreading enabled for place_design using a maximum of 2 CPUs

Phase 1 Placer Initialization

Phase 1.1 Placer Initialization Netlist Sorting
Netlist sorting complete. Time (s): cpu = 00:00:00 ; elapsed = 00:00:00.002 . Memory (MB): peak = 1864.121 ; gain = 0.000
Phase 1.1 Placer Initialization Netlist Sorting | Checksum: e7874677

Time (s): cpu = 00:00:00 ; elapsed = 00:00:00.006 . Memory (MB): peak = 1864.121 ; gain = 0.000
Netlist sorting complete. Time (s): cpu = 00:00:00 ; elapsed = 00:00:00.002 . Memory (MB): peak = 1864.121 ; gain = 0.000

Phase 1.2 IO Placement/ Clock Placement/ Build Placer Device
INFO: [Timing 38-35] Done setting XDC timing constraints.
Phase 1.2 IO Placement/ Clock Placement/ Build Placer Device | Checksum: 1623d7508

Time (s): cpu = 00:00:01 ; elapsed = 00:00:00.559 . Memory (MB): peak = 1864.121 ; gain = 0.000

Phase 1.3 Build Placer Netlist Model
Phase 1.3 Build Placer Netlist Model | Checksum: 165e2d0b2

Time (s): cpu = 00:00:01 ; elapsed = 00:00:01 . Memory (MB): peak = 1864.121 ; gain = 0.000

Phase 1.4 Constrain Clocks/Macros
Phase 1.4 Constrain Clocks/Macros | Checksum: 165e2d0b2

Time (s): cpu = 00:00:01 ; elapsed = 00:00:01 . Memory (MB): peak = 1864.121 ; gain = 0.000
Phase 1 Placer Initialization | Checksum: 165e2d0b2

Time (s): cpu = 00:00:01 ; elapsed = 00:00:01 . Memory (MB): peak = 1864.121 ; gain = 0.000

Phase 2 Global Placement

Phase 2.1 Floorplanning
Phase 2.1 Floorplanning | Checksum: 1673d6518

Time (s): cpu = 00:00:02 ; elapsed = 00:00:02 . Memory (MB): peak = 1864.121 ; gain = 0.000

Phase 2.2 Update Timing before SLR Path Opt
Phase 2.2 Update Timing before SLR Path Opt | Checksum: 16bfe22ae

Time (s): cpu = 00:00:02 ; elapsed = 00:00:02 . Memory (MB): peak = 1864.121 ; gain = 0.000

Phase 2.3 Post-Processing in Floorplanning
Phase 2.3 Post-Processing in Floorplanning | Checksum: 16bfe22ae

Time (s): cpu = 00:00:02 ; elapsed = 00:00:02 . Memory (MB): peak = 1864.121 ; gain = 0.000

Phase 2.4 Global Placement Core

Phase 2.4.1 UpdateTiming Before Physical Synthesis
Phase 2.4.1 UpdateTiming Before Physical Synthesis | Checksum: 24c3bd044

Time (s): cpu = 00:00:03 ; elapsed = 00:00:04 . Memory (MB): peak = 1864.121 ; gain = 0.000

Phase 2.4.2 Physical Synthesis In Placer
INFO: [Physopt 32-1035] Found 0 LUTNM shape to break, 90 LUT instances to create LUTNM shape
INFO: [Physopt 32-1044] Break lutnm for timing: one critical 0, two critical 0, total 0, new lutff created 0
INFO: [Physopt 32-1138] End 1 Pass. Optimized 23 nets or LUTs. Breaked 0 LUT, combined 23 existing LUTs and moved 0 existing LUT
INFO: [Physopt 32-65] No nets found for high-fanout optimization.
INFO: [Physopt 32-232] Optimized 0 net. Created 0 new instance.
INFO: [Physopt 32-775] End 1 Pass. Optimized 0 net or cell. Created 0 new cell, deleted 0 existing cell and moved 0 existing cell
INFO: [Physopt 32-670] No setup violation found.  DSP Register Optimization was not performed.
INFO: [Physopt 32-670] No setup violation found.  Shift Register to Pipeline Optimization was not performed.
INFO: [Physopt 32-670] No setup violation found.  Shift Register Optimization was not performed.
INFO: [Physopt 32-670] No setup violation found.  BRAM Register Optimization was not performed.
INFO: [Physopt 32-670] No setup violation found.  URAM Register Optimization was not performed.
INFO: [Physopt 32-949] No candidate nets found for dynamic/static region interface net replication
INFO: [Physopt 32-775] End 1 Pass. Optimized 0 net or cell. Created 0 new cell, deleted 0 existing cell and moved 0 existing cell
Netlist sorting complete. Time (s): cpu = 00:00:00 ; elapsed = 00:00:00.002 . Memory (MB): peak = 1864.121 ; gain = 0.000

Summary of Physical Synthesis Optimizations
============================================


-----------------------------------------------------------------------------------------------------------------------------------------------------------
|  Optimization                                     |  Added Cells  |  Removed Cells  |  Optimized Cells/Nets  |  Dont Touch  |  Iterations  |  Elapsed   |
-----------------------------------------------------------------------------------------------------------------------------------------------------------
|  LUT Combining                                    |            0  |             23  |                    23  |           0  |           1  |  00:00:00  |
|  Retime                                           |            0  |              0  |                     0  |           0  |           1  |  00:00:00  |
|  Very High Fanout                                 |            0  |              0  |                     0  |           0  |           1  |  00:00:00  |
|  DSP Register                                     |            0  |              0  |                     0  |           0  |           0  |  00:00:00  |
|  Shift Register to Pipeline                       |            0  |              0  |                     0  |           0  |           0  |  00:00:00  |
|  Shift Register                                   |            0  |              0  |                     0  |           0  |           0  |  00:00:00  |
|  BRAM Register                                    |            0  |              0  |                     0  |           0  |           0  |  00:00:00  |
|  URAM Register                                    |            0  |              0  |                     0  |           0  |           0  |  00:00:00  |
|  Dynamic/Static Region Interface Net Replication  |            0  |              0  |                     0  |           0  |           1  |  00:00:00  |
|  Total                                            |            0  |             23  |                    23  |           0  |           4  |  00:00:00  |
-----------------------------------------------------------------------------------------------------------------------------------------------------------


Phase 2.4.2 Physical Synthesis In Placer | Checksum: 1d6862763

Time (s): cpu = 00:00:03 ; elapsed = 00:00:04 . Memory (MB): peak = 1864.121 ; gain = 0.000
Phase 2.4 Global Placement Core | Checksum: 18499470a

Time (s): cpu = 00:00:04 ; elapsed = 00:00:04 . Memory (MB): peak = 1864.121 ; gain = 0.000
Phase 2 Global Placement | Checksum: 18499470a

Time (s): cpu = 00:00:04 ; elapsed = 00:00:04 . Memory (MB): peak = 1864.121 ; gain = 0.000

Phase 3 Detail Placement

Phase 3.1 Commit Multi Column Macros
Phase 3.1 Commit Multi Column Macros | Checksum: 192dd8688

Time (s): cpu = 00:00:04 ; elapsed = 00:00:04 . Memory (MB): peak = 1864.121 ; gain = 0.000

Phase 3.2 Commit Most Macros & LUTRAMs
Phase 3.2 Commit Most Macros & LUTRAMs | Checksum: 103d9508e

Time (s): cpu = 00:00:04 ; elapsed = 00:00:04 . Memory (MB): peak = 1864.121 ; gain = 0.000

Phase 3.3 Area Swap Optimization
Phase 3.3 Area Swap Optimization | Checksum: 1c2d86599

Time (s): cpu = 00:00:04 ; elapsed = 00:00:04 . Memory (MB): peak = 1864.121 ; gain = 0.000

Phase 3.4 Pipeline Register Optimization
Phase 3.4 Pipeline Register Optimization | Checksum: 19b3ba4cd

Time (s): cpu = 00:00:04 ; elapsed = 00:00:04 . Memory (MB): peak = 1864.121 ; gain = 0.000

Phase 3.5 Small Shape Detail Placement
Phase 3.5 Small Shape Detail Placement | Checksum: e87d69db

Time (s): cpu = 00:00:12 ; elapsed = 00:00:13 . Memory (MB): peak = 1864.121 ; gain = 0.000

Phase 3.6 Re-assign LUT pins
Phase 3.6 Re-assign LUT pins | Checksum: 1d66e7531

Time (s): cpu = 00:00:12 ; elapsed = 00:00:14 . Memory (MB): peak = 1864.121 ; gain = 0.000

Phase 3.7 Pipeline Register Optimization
Phase 3.7 Pipeline Register Optimization | Checksum: 16bcb3605

Time (s): cpu = 00:00:13 ; elapsed = 00:00:14 . Memory (MB): peak = 1864.121 ; gain = 0.000
Phase 3 Detail Placement | Checksum: 16bcb3605

Time (s): cpu = 00:00:13 ; elapsed = 00:00:14 . Memory (MB): peak = 1864.121 ; gain = 0.000

Phase 4 Post Placement Optimization and Clean-Up

Phase 4.1 Post Commit Optimization
INFO: [Timing 38-35] Done setting XDC timing constraints.

Phase 4.1.1 Post Placement Optimization
Post Placement Optimization Initialization | Checksum: 17eb53831

Phase 4.1.1.1 BUFG Insertion

Starting Physical Synthesis Task

Phase 1 Physical Synthesis Initialization
INFO: [Physopt 32-721] Multithreading enabled for phys_opt_design using a maximum of 2 CPUs
INFO: [Physopt 32-619] Estimated Timing Summary | WNS=24.298 | TNS=0.000 |
Phase 1 Physical Synthesis Initialization | Checksum: a9090839

Time (s): cpu = 00:00:00 ; elapsed = 00:00:00.102 . Memory (MB): peak = 1925.508 ; gain = 0.000
INFO: [Place 46-56] BUFG insertion identified 0 candidate nets. Inserted BUFG: 0, Replicated BUFG Driver: 0, Skipped due to Placement/Routing Conflicts: 0, Skipped due to Timing Degradation: 0, Skipped due to Illegal Netlist: 0.
Ending Physical Synthesis Task | Checksum: 167594284

Time (s): cpu = 00:00:00 ; elapsed = 00:00:00.147 . Memory (MB): peak = 1925.508 ; gain = 0.000
Phase 4.1.1.1 BUFG Insertion | Checksum: 17eb53831

Time (s): cpu = 00:00:13 ; elapsed = 00:00:15 . Memory (MB): peak = 1925.508 ; gain = 61.387

Phase 4.1.1.2 Post Placement Timing Optimization
INFO: [Place 30-746] Post Placement Timing Summary WNS=24.298. For the most accurate timing information please run report_timing.
Phase 4.1.1.2 Post Placement Timing Optimization | Checksum: 1beb364ed

Time (s): cpu = 00:00:13 ; elapsed = 00:00:15 . Memory (MB): peak = 1925.508 ; gain = 61.387

Time (s): cpu = 00:00:13 ; elapsed = 00:00:15 . Memory (MB): peak = 1925.508 ; gain = 61.387
Phase 4.1 Post Commit Optimization | Checksum: 1beb364ed

Time (s): cpu = 00:00:13 ; elapsed = 00:00:15 . Memory (MB): peak = 1925.508 ; gain = 61.387

Phase 4.2 Post Placement Cleanup
Phase 4.2 Post Placement Cleanup | Checksum: 1beb364ed

Time (s): cpu = 00:00:13 ; elapsed = 00:00:15 . Memory (MB): peak = 1925.508 ; gain = 61.387

Phase 4.3 Placer Reporting

Phase 4.3.1 Print Estimated Congestion
INFO: [Place 30-612] Post-Placement Estimated Congestion 
 ____________________________________________________
|           | Global Congestion | Short Congestion  |
| Direction | Region Size       | Region Size       |
|___________|___________________|___________________|
|      North|                1x1|                1x1|
|___________|___________________|___________________|
|      South|                1x1|                1x1|
|___________|___________________|___________________|
|       East|                1x1|                1x1|
|___________|___________________|___________________|
|       West|                1x1|                1x1|
|___________|___________________|___________________|

Phase 4.3.1 Print Estimated Congestion | Checksum: 1beb364ed

Time (s): cpu = 00:00:13 ; elapsed = 00:00:15 . Memory (MB): peak = 1925.508 ; gain = 61.387
Phase 4.3 Placer Reporting | Checksum: 1beb364ed

Time (s): cpu = 00:00:13 ; elapsed = 00:00:16 . Memory (MB): peak = 1925.508 ; gain = 61.387

Phase 4.4 Final Placement Cleanup
Netlist sorting complete. Time (s): cpu = 00:00:00 ; elapsed = 00:00:00.002 . Memory (MB): peak = 1925.508 ; gain = 0.000

Time (s): cpu = 00:00:13 ; elapsed = 00:00:16 . Memory (MB): peak = 1925.508 ; gain = 61.387
Phase 4 Post Placement Optimization and Clean-Up | Checksum: 25740be1c

Time (s): cpu = 00:00:13 ; elapsed = 00:00:16 . Memory (MB): peak = 1925.508 ; gain = 61.387
Ending Placer Task | Checksum: 1dfc41613

Time (s): cpu = 00:00:13 ; elapsed = 00:00:16 . Memory (MB): peak = 1925.508 ; gain = 61.387
INFO: [Common 17-83] Releasing license: Implementation
61 Infos, 0 Warnings, 0 Critical Warnings and 0 Errors encountered.
place_design completed successfully
place_design: Time (s): cpu = 00:00:14 ; elapsed = 00:00:16 . Memory (MB): peak = 1925.508 ; gain = 61.387
INFO: [Timing 38-480] Writing timing data to binary archive.
Writing XDEF routing.
Writing XDEF routing logical nets.
Writing XDEF routing special nets.
Write XDEF Complete: Time (s): cpu = 00:00:02 ; elapsed = 00:00:01 . Memory (MB): peak = 1925.508 ; gain = 0.000
INFO: [Common 17-1381] The checkpoint 'C:/Users/aluno/Documents/cortex-m0-v6/cortex-m0-slwd/cortex_m0.runs/impl_1/demonstration_placed.dcp' has been generated.
INFO: [runtcl-4] Executing : report_io -file demonstration_io_placed.rpt
report_io: Time (s): cpu = 00:00:00 ; elapsed = 00:00:00.046 . Memory (MB): peak = 1925.508 ; gain = 0.000
INFO: [runtcl-4] Executing : report_utilization -file demonstration_utilization_placed.rpt -pb demonstration_utilization_placed.pb
INFO: [runtcl-4] Executing : report_control_sets -verbose -file demonstration_control_sets_placed.rpt
report_control_sets: Time (s): cpu = 00:00:00 ; elapsed = 00:00:00.163 . Memory (MB): peak = 1925.508 ; gain = 0.000
Command: phys_opt_design
Attempting to get a license for feature 'Implementation' and/or device 'xc7z010'
INFO: [Common 17-349] Got license for feature 'Implementation' and/or device 'xc7z010'

Starting Initial Update Timing Task

Time (s): cpu = 00:00:01 ; elapsed = 00:00:00.947 . Memory (MB): peak = 1939.949 ; gain = 14.441
INFO: [Vivado_Tcl 4-383] Design worst setup slack (WNS) is greater than or equal to 0.000 ns. Skipping all physical synthesis optimizations.
INFO: [Vivado_Tcl 4-232] No setup violation found. The netlist was not modified.
INFO: [Common 17-83] Releasing license: Implementation
70 Infos, 0 Warnings, 0 Critical Warnings and 0 Errors encountered.
phys_opt_design completed successfully
INFO: [Timing 38-480] Writing timing data to binary archive.
Writing XDEF routing.
Writing XDEF routing logical nets.
Writing XDEF routing special nets.
Write XDEF Complete: Time (s): cpu = 00:00:02 ; elapsed = 00:00:01 . Memory (MB): peak = 1957.828 ; gain = 14.883
INFO: [Common 17-1381] The checkpoint 'C:/Users/aluno/Documents/cortex-m0-v6/cortex-m0-slwd/cortex_m0.runs/impl_1/demonstration_physopt.dcp' has been generated.
Command: route_design
Attempting to get a license for feature 'Implementation' and/or device 'xc7z010'
INFO: [Common 17-349] Got license for feature 'Implementation' and/or device 'xc7z010'
Running DRC as a precondition to command route_design
INFO: [DRC 23-27] Running DRC with 2 threads
INFO: [Vivado_Tcl 4-198] DRC finished with 0 Errors
INFO: [Vivado_Tcl 4-199] Please refer to the DRC report (report_drc) for more information.


Starting Routing Task
INFO: [Route 35-254] Multithreading enabled for route_design using a maximum of 2 CPUs

Phase 1 Build RT Design
Checksum: PlaceDB: f5ceb598 ConstDB: 0 ShapeSum: e9f5607b RouteDB: 0
Post Restoration Checksum: NetGraph: a16b291e NumContArr: 517c9e53 Constraints: 0 Timing: 0
Phase 1 Build RT Design | Checksum: f2e7c771

Time (s): cpu = 00:00:13 ; elapsed = 00:00:13 . Memory (MB): peak = 1966.938 ; gain = 0.000

Phase 2 Router Initialization

Phase 2.1 Fix Topology Constraints
Phase 2.1 Fix Topology Constraints | Checksum: f2e7c771

Time (s): cpu = 00:00:13 ; elapsed = 00:00:13 . Memory (MB): peak = 1966.938 ; gain = 0.000

Phase 2.2 Pre Route Cleanup
Phase 2.2 Pre Route Cleanup | Checksum: f2e7c771

Time (s): cpu = 00:00:13 ; elapsed = 00:00:13 . Memory (MB): peak = 1966.938 ; gain = 0.000
 Number of Nodes with overlaps = 0

Phase 2.3 Update Timing
Phase 2.3 Update Timing | Checksum: 15e36598a

Time (s): cpu = 00:00:17 ; elapsed = 00:00:19 . Memory (MB): peak = 1986.859 ; gain = 19.922
INFO: [Route 35-416] Intermediate Timing Summary | WNS=24.278 | TNS=0.000  | WHS=-0.036 | THS=-0.083 |


Router Utilization Summary
  Global Vertical Routing Utilization    = 8.02956 %
  Global Horizontal Routing Utilization  = 4.34949 %
  Routable Net Status*
  *Does not include unroutable nets such as driverless and loadless.
  Run report_route_status for detailed report.
  Number of Failed Nets               = 8316
    (Failed Nets is the sum of unrouted and partially routed nets)
  Number of Unrouted Nets             = 6942
  Number of Partially Routed Nets     = 1374
  Number of Node Overlaps             = 5636

Phase 2 Router Initialization | Checksum: 1a11b1ac6

Time (s): cpu = 00:00:18 ; elapsed = 00:00:19 . Memory (MB): peak = 1986.859 ; gain = 19.922

Phase 3 Initial Routing

Phase 3.1 Global Routing
Phase 3.1 Global Routing | Checksum: 1a11b1ac6

Time (s): cpu = 00:00:18 ; elapsed = 00:00:19 . Memory (MB): peak = 1986.859 ; gain = 19.922
Phase 3 Initial Routing | Checksum: b07932c0

Time (s): cpu = 00:00:18 ; elapsed = 00:00:20 . Memory (MB): peak = 1988.211 ; gain = 21.273

Phase 4 Rip-up And Reroute

Phase 4.1 Global Iteration 0
 Number of Nodes with overlaps = 417
 Number of Nodes with overlaps = 0
INFO: [Route 35-416] Intermediate Timing Summary | WNS=23.346 | TNS=0.000  | WHS=N/A    | THS=N/A    |

Phase 4.1 Global Iteration 0 | Checksum: 173171428

Time (s): cpu = 00:00:20 ; elapsed = 00:00:23 . Memory (MB): peak = 1988.211 ; gain = 21.273
Phase 4 Rip-up And Reroute | Checksum: 173171428

Time (s): cpu = 00:00:20 ; elapsed = 00:00:23 . Memory (MB): peak = 1988.211 ; gain = 21.273

Phase 5 Delay and Skew Optimization

Phase 5.1 Delay CleanUp

Phase 5.1.1 Update Timing
Phase 5.1.1 Update Timing | Checksum: 1af2db44c

Time (s): cpu = 00:00:20 ; elapsed = 00:00:23 . Memory (MB): peak = 1988.211 ; gain = 21.273
INFO: [Route 35-416] Intermediate Timing Summary | WNS=23.495 | TNS=0.000  | WHS=N/A    | THS=N/A    |

Phase 5.1 Delay CleanUp | Checksum: 1af2db44c

Time (s): cpu = 00:00:20 ; elapsed = 00:00:23 . Memory (MB): peak = 1988.211 ; gain = 21.273

Phase 5.2 Clock Skew Optimization
Phase 5.2 Clock Skew Optimization | Checksum: 1af2db44c

Time (s): cpu = 00:00:20 ; elapsed = 00:00:23 . Memory (MB): peak = 1988.211 ; gain = 21.273
Phase 5 Delay and Skew Optimization | Checksum: 1af2db44c

Time (s): cpu = 00:00:20 ; elapsed = 00:00:23 . Memory (MB): peak = 1988.211 ; gain = 21.273

Phase 6 Post Hold Fix

Phase 6.1 Hold Fix Iter

Phase 6.1.1 Update Timing
Phase 6.1.1 Update Timing | Checksum: 1986ea370

Time (s): cpu = 00:00:20 ; elapsed = 00:00:23 . Memory (MB): peak = 1988.211 ; gain = 21.273
INFO: [Route 35-416] Intermediate Timing Summary | WNS=23.495 | TNS=0.000  | WHS=0.118  | THS=0.000  |

Phase 6.1 Hold Fix Iter | Checksum: 1666bc0ae

Time (s): cpu = 00:00:20 ; elapsed = 00:00:23 . Memory (MB): peak = 1988.211 ; gain = 21.273
Phase 6 Post Hold Fix | Checksum: 1666bc0ae

Time (s): cpu = 00:00:20 ; elapsed = 00:00:23 . Memory (MB): peak = 1988.211 ; gain = 21.273

Phase 7 Route finalize

Router Utilization Summary
  Global Vertical Routing Utilization    = 11.6689 %
  Global Horizontal Routing Utilization  = 7.05905 %
  Routable Net Status*
  *Does not include unroutable nets such as driverless and loadless.
  Run report_route_status for detailed report.
  Number of Failed Nets               = 0
    (Failed Nets is the sum of unrouted and partially routed nets)
  Number of Unrouted Nets             = 0
  Number of Partially Routed Nets     = 0
  Number of Node Overlaps             = 0

Phase 7 Route finalize | Checksum: 19c2778a5

Time (s): cpu = 00:00:21 ; elapsed = 00:00:23 . Memory (MB): peak = 1988.211 ; gain = 21.273

Phase 8 Verifying routed nets

 Verification completed successfully
Phase 8 Verifying routed nets | Checksum: 19c2778a5

Time (s): cpu = 00:00:21 ; elapsed = 00:00:23 . Memory (MB): peak = 1988.211 ; gain = 21.273

Phase 9 Depositing Routes
Phase 9 Depositing Routes | Checksum: cd649728

Time (s): cpu = 00:00:21 ; elapsed = 00:00:24 . Memory (MB): peak = 1988.211 ; gain = 21.273

Phase 10 Post Router Timing
INFO: [Route 35-57] Estimated Timing Summary | WNS=23.495 | TNS=0.000  | WHS=0.118  | THS=0.000  |

INFO: [Route 35-327] The final timing numbers are based on the router estimated timing analysis. For a complete and accurate timing signoff, please run report_timing_summary.
Phase 10 Post Router Timing | Checksum: cd649728

Time (s): cpu = 00:00:21 ; elapsed = 00:00:24 . Memory (MB): peak = 1988.211 ; gain = 21.273
INFO: [Route 35-16] Router Completed Successfully

Time (s): cpu = 00:00:21 ; elapsed = 00:00:24 . Memory (MB): peak = 1988.211 ; gain = 21.273

Routing Is Done.
INFO: [Common 17-83] Releasing license: Implementation
85 Infos, 0 Warnings, 0 Critical Warnings and 0 Errors encountered.
route_design completed successfully
route_design: Time (s): cpu = 00:00:23 ; elapsed = 00:00:25 . Memory (MB): peak = 1988.211 ; gain = 30.383
INFO: [Timing 38-480] Writing timing data to binary archive.
Writing XDEF routing.
Writing XDEF routing logical nets.
Writing XDEF routing special nets.
Write XDEF Complete: Time (s): cpu = 00:00:02 ; elapsed = 00:00:01 . Memory (MB): peak = 1995.547 ; gain = 7.336
INFO: [Common 17-1381] The checkpoint 'C:/Users/aluno/Documents/cortex-m0-v6/cortex-m0-slwd/cortex_m0.runs/impl_1/demonstration_routed.dcp' has been generated.
INFO: [runtcl-4] Executing : report_drc -file demonstration_drc_routed.rpt -pb demonstration_drc_routed.pb -rpx demonstration_drc_routed.rpx
Command: report_drc -file demonstration_drc_routed.rpt -pb demonstration_drc_routed.pb -rpx demonstration_drc_routed.rpx
INFO: [IP_Flow 19-1839] IP Catalog is up to date.
INFO: [DRC 23-27] Running DRC with 2 threads
INFO: [Vivado_Tcl 2-168] The results of DRC are in file C:/Users/aluno/Documents/cortex-m0-v6/cortex-m0-slwd/cortex_m0.runs/impl_1/demonstration_drc_routed.rpt.
report_drc completed successfully
INFO: [runtcl-4] Executing : report_methodology -file demonstration_methodology_drc_routed.rpt -pb demonstration_methodology_drc_routed.pb -rpx demonstration_methodology_drc_routed.rpx
Command: report_methodology -file demonstration_methodology_drc_routed.rpt -pb demonstration_methodology_drc_routed.pb -rpx demonstration_methodology_drc_routed.rpx
INFO: [Timing 38-35] Done setting XDC timing constraints.
INFO: [DRC 23-133] Running Methodology with 2 threads
INFO: [Vivado_Tcl 2-1520] The results of Report Methodology are in file C:/Users/aluno/Documents/cortex-m0-v6/cortex-m0-slwd/cortex_m0.runs/impl_1/demonstration_methodology_drc_routed.rpt.
report_methodology completed successfully
report_methodology: Time (s): cpu = 00:00:15 ; elapsed = 00:00:15 . Memory (MB): peak = 2026.832 ; gain = 22.852
INFO: [runtcl-4] Executing : report_power -file demonstration_power_routed.rpt -pb demonstration_power_summary_routed.pb -rpx demonstration_power_routed.rpx
Command: report_power -file demonstration_power_routed.rpt -pb demonstration_power_summary_routed.pb -rpx demonstration_power_routed.rpx
INFO: [Timing 38-35] Done setting XDC timing constraints.
Running Vector-less Activity Propagation...

Finished Running Vector-less Activity Propagation
97 Infos, 0 Warnings, 0 Critical Warnings and 0 Errors encountered.
report_power completed successfully
INFO: [runtcl-4] Executing : report_route_status -file demonstration_route_status.rpt -pb demonstration_route_status.pb
INFO: [runtcl-4] Executing : report_timing_summary -max_paths 10 -report_unconstrained -file demonstration_timing_summary_routed.rpt -pb demonstration_timing_summary_routed.pb -rpx demonstration_timing_summary_routed.rpx -warn_on_violation 
INFO: [Timing 38-91] UpdateTimingParams: Speed grade: -1, Delay Type: min_max.
INFO: [Timing 38-191] Multithreading enabled for timing update using a maximum of 2 CPUs
INFO: [runtcl-4] Executing : report_incremental_reuse -file demonstration_incremental_reuse_routed.rpt
INFO: [Vivado_Tcl 4-1062] Incremental flow is disabled. No incremental reuse Info to report.
INFO: [runtcl-4] Executing : report_clock_utilization -file demonstration_clock_utilization_routed.rpt
INFO: [runtcl-4] Executing : report_bus_skew -warn_on_violation -file demonstration_bus_skew_routed.rpt -pb demonstration_bus_skew_routed.pb -rpx demonstration_bus_skew_routed.rpx
INFO: [Timing 38-91] UpdateTimingParams: Speed grade: -1, Delay Type: min_max.
INFO: [Timing 38-191] Multithreading enabled for timing update using a maximum of 2 CPUs
Command: write_bitstream -force demonstration.bit
Attempting to get a license for feature 'Implementation' and/or device 'xc7z010'
INFO: [Common 17-349] Got license for feature 'Implementation' and/or device 'xc7z010'
Running DRC as a precondition to command write_bitstream
INFO: [IP_Flow 19-1839] IP Catalog is up to date.
INFO: [DRC 23-27] Running DRC with 2 threads
WARNING: [DRC PDRC-153] Gated clock check: Net tl/control_unit_inst/r_alu_opcode_reg[1]_1 is a gated clock net sourced by a combinational pin tl/control_unit_inst/r_data_reg[1]_LDC_i_1/O, cell tl/control_unit_inst/r_data_reg[1]_LDC_i_1. This is not good design practice and will likely impact performance. For SLICE registers, for example, use the CE pin to control the loading of data.
WARNING: [DRC PDRC-153] Gated clock check: Net tl/datapath_inst/core_register/o_data1_reg[0]_0 is a gated clock net sourced by a combinational pin tl/datapath_inst/core_register/r_reg_reg[24][0]_LDC_i_1/O, cell tl/datapath_inst/core_register/r_reg_reg[24][0]_LDC_i_1. This is not good design practice and will likely impact performance. For SLICE registers, for example, use the CE pin to control the loading of data.
WARNING: [DRC PDRC-153] Gated clock check: Net tl/datapath_inst/core_register/o_data1_reg[0]_2 is a gated clock net sourced by a combinational pin tl/datapath_inst/core_register/r_reg_reg[7][0]_LDC_i_1/O, cell tl/datapath_inst/core_register/r_reg_reg[7][0]_LDC_i_1. This is not good design practice and will likely impact performance. For SLICE registers, for example, use the CE pin to control the loading of data.
WARNING: [DRC PDRC-153] Gated clock check: Net tl/datapath_inst/core_register/o_data1_reg[10]_0 is a gated clock net sourced by a combinational pin tl/datapath_inst/core_register/r_reg_reg[24][10]_LDC_i_1/O, cell tl/datapath_inst/core_register/r_reg_reg[24][10]_LDC_i_1. This is not good design practice and will likely impact performance. For SLICE registers, for example, use the CE pin to control the loading of data.
WARNING: [DRC PDRC-153] Gated clock check: Net tl/datapath_inst/core_register/o_data1_reg[10]_2 is a gated clock net sourced by a combinational pin tl/datapath_inst/core_register/r_reg_reg[7][10]_LDC_i_1/O, cell tl/datapath_inst/core_register/r_reg_reg[7][10]_LDC_i_1. This is not good design practice and will likely impact performance. For SLICE registers, for example, use the CE pin to control the loading of data.
WARNING: [DRC PDRC-153] Gated clock check: Net tl/datapath_inst/core_register/o_data1_reg[11]_0 is a gated clock net sourced by a combinational pin tl/datapath_inst/core_register/r_reg_reg[24][11]_LDC_i_1/O, cell tl/datapath_inst/core_register/r_reg_reg[24][11]_LDC_i_1. This is not good design practice and will likely impact performance. For SLICE registers, for example, use the CE pin to control the loading of data.
WARNING: [DRC PDRC-153] Gated clock check: Net tl/datapath_inst/core_register/o_data1_reg[11]_2 is a gated clock net sourced by a combinational pin tl/datapath_inst/core_register/r_reg_reg[7][11]_LDC_i_1/O, cell tl/datapath_inst/core_register/r_reg_reg[7][11]_LDC_i_1. This is not good design practice and will likely impact performance. For SLICE registers, for example, use the CE pin to control the loading of data.
WARNING: [DRC PDRC-153] Gated clock check: Net tl/datapath_inst/core_register/o_data1_reg[12]_0 is a gated clock net sourced by a combinational pin tl/datapath_inst/core_register/r_reg_reg[24][12]_LDC_i_1/O, cell tl/datapath_inst/core_register/r_reg_reg[24][12]_LDC_i_1. This is not good design practice and will likely impact performance. For SLICE registers, for example, use the CE pin to control the loading of data.
WARNING: [DRC PDRC-153] Gated clock check: Net tl/datapath_inst/core_register/o_data1_reg[12]_2 is a gated clock net sourced by a combinational pin tl/datapath_inst/core_register/r_reg_reg[7][12]_LDC_i_1/O, cell tl/datapath_inst/core_register/r_reg_reg[7][12]_LDC_i_1. This is not good design practice and will likely impact performance. For SLICE registers, for example, use the CE pin to control the loading of data.
WARNING: [DRC PDRC-153] Gated clock check: Net tl/datapath_inst/core_register/o_data1_reg[13]_0 is a gated clock net sourced by a combinational pin tl/datapath_inst/core_register/r_reg_reg[24][13]_LDC_i_1/O, cell tl/datapath_inst/core_register/r_reg_reg[24][13]_LDC_i_1. This is not good design practice and will likely impact performance. For SLICE registers, for example, use the CE pin to control the loading of data.
WARNING: [DRC PDRC-153] Gated clock check: Net tl/datapath_inst/core_register/o_data1_reg[13]_2 is a gated clock net sourced by a combinational pin tl/datapath_inst/core_register/r_reg_reg[7][13]_LDC_i_1/O, cell tl/datapath_inst/core_register/r_reg_reg[7][13]_LDC_i_1. This is not good design practice and will likely impact performance. For SLICE registers, for example, use the CE pin to control the loading of data.
WARNING: [DRC PDRC-153] Gated clock check: Net tl/datapath_inst/core_register/o_data1_reg[14]_0 is a gated clock net sourced by a combinational pin tl/datapath_inst/core_register/r_reg_reg[24][14]_LDC_i_1/O, cell tl/datapath_inst/core_register/r_reg_reg[24][14]_LDC_i_1. This is not good design practice and will likely impact performance. For SLICE registers, for example, use the CE pin to control the loading of data.
WARNING: [DRC PDRC-153] Gated clock check: Net tl/datapath_inst/core_register/o_data1_reg[14]_2 is a gated clock net sourced by a combinational pin tl/datapath_inst/core_register/r_reg_reg[7][14]_LDC_i_1/O, cell tl/datapath_inst/core_register/r_reg_reg[7][14]_LDC_i_1. This is not good design practice and will likely impact performance. For SLICE registers, for example, use the CE pin to control the loading of data.
WARNING: [DRC PDRC-153] Gated clock check: Net tl/datapath_inst/core_register/o_data1_reg[15]_0 is a gated clock net sourced by a combinational pin tl/datapath_inst/core_register/r_reg_reg[24][15]_LDC_i_1/O, cell tl/datapath_inst/core_register/r_reg_reg[24][15]_LDC_i_1. This is not good design practice and will likely impact performance. For SLICE registers, for example, use the CE pin to control the loading of data.
WARNING: [DRC PDRC-153] Gated clock check: Net tl/datapath_inst/core_register/o_data1_reg[15]_2 is a gated clock net sourced by a combinational pin tl/datapath_inst/core_register/r_reg_reg[7][15]_LDC_i_1/O, cell tl/datapath_inst/core_register/r_reg_reg[7][15]_LDC_i_1. This is not good design practice and will likely impact performance. For SLICE registers, for example, use the CE pin to control the loading of data.
WARNING: [DRC PDRC-153] Gated clock check: Net tl/datapath_inst/core_register/o_data1_reg[16]_0 is a gated clock net sourced by a combinational pin tl/datapath_inst/core_register/r_reg_reg[24][16]_LDC_i_1/O, cell tl/datapath_inst/core_register/r_reg_reg[24][16]_LDC_i_1. This is not good design practice and will likely impact performance. For SLICE registers, for example, use the CE pin to control the loading of data.
WARNING: [DRC PDRC-153] Gated clock check: Net tl/datapath_inst/core_register/o_data1_reg[16]_2 is a gated clock net sourced by a combinational pin tl/datapath_inst/core_register/r_reg_reg[7][16]_LDC_i_1/O, cell tl/datapath_inst/core_register/r_reg_reg[7][16]_LDC_i_1. This is not good design practice and will likely impact performance. For SLICE registers, for example, use the CE pin to control the loading of data.
WARNING: [DRC PDRC-153] Gated clock check: Net tl/datapath_inst/core_register/o_data1_reg[17]_0 is a gated clock net sourced by a combinational pin tl/datapath_inst/core_register/r_reg_reg[24][17]_LDC_i_1/O, cell tl/datapath_inst/core_register/r_reg_reg[24][17]_LDC_i_1. This is not good design practice and will likely impact performance. For SLICE registers, for example, use the CE pin to control the loading of data.
WARNING: [DRC PDRC-153] Gated clock check: Net tl/datapath_inst/core_register/o_data1_reg[17]_2 is a gated clock net sourced by a combinational pin tl/datapath_inst/core_register/r_reg_reg[7][17]_LDC_i_1/O, cell tl/datapath_inst/core_register/r_reg_reg[7][17]_LDC_i_1. This is not good design practice and will likely impact performance. For SLICE registers, for example, use the CE pin to control the loading of data.
WARNING: [DRC PDRC-153] Gated clock check: Net tl/datapath_inst/core_register/o_data1_reg[18]_0 is a gated clock net sourced by a combinational pin tl/datapath_inst/core_register/r_reg_reg[24][18]_LDC_i_1/O, cell tl/datapath_inst/core_register/r_reg_reg[24][18]_LDC_i_1. This is not good design practice and will likely impact performance. For SLICE registers, for example, use the CE pin to control the loading of data.
WARNING: [DRC PDRC-153] Gated clock check: Net tl/datapath_inst/core_register/o_data1_reg[18]_2 is a gated clock net sourced by a combinational pin tl/datapath_inst/core_register/r_reg_reg[7][18]_LDC_i_1/O, cell tl/datapath_inst/core_register/r_reg_reg[7][18]_LDC_i_1. This is not good design practice and will likely impact performance. For SLICE registers, for example, use the CE pin to control the loading of data.
WARNING: [DRC PDRC-153] Gated clock check: Net tl/datapath_inst/core_register/o_data1_reg[19]_0 is a gated clock net sourced by a combinational pin tl/datapath_inst/core_register/r_reg_reg[24][19]_LDC_i_1/O, cell tl/datapath_inst/core_register/r_reg_reg[24][19]_LDC_i_1. This is not good design practice and will likely impact performance. For SLICE registers, for example, use the CE pin to control the loading of data.
WARNING: [DRC PDRC-153] Gated clock check: Net tl/datapath_inst/core_register/o_data1_reg[19]_2 is a gated clock net sourced by a combinational pin tl/datapath_inst/core_register/r_reg_reg[7][19]_LDC_i_1/O, cell tl/datapath_inst/core_register/r_reg_reg[7][19]_LDC_i_1. This is not good design practice and will likely impact performance. For SLICE registers, for example, use the CE pin to control the loading of data.
WARNING: [DRC PDRC-153] Gated clock check: Net tl/datapath_inst/core_register/o_data1_reg[1]_0 is a gated clock net sourced by a combinational pin tl/datapath_inst/core_register/r_reg_reg[24][1]_LDC_i_1/O, cell tl/datapath_inst/core_register/r_reg_reg[24][1]_LDC_i_1. This is not good design practice and will likely impact performance. For SLICE registers, for example, use the CE pin to control the loading of data.
WARNING: [DRC PDRC-153] Gated clock check: Net tl/datapath_inst/core_register/o_data1_reg[1]_2 is a gated clock net sourced by a combinational pin tl/datapath_inst/core_register/r_reg_reg[7][1]_LDC_i_1/O, cell tl/datapath_inst/core_register/r_reg_reg[7][1]_LDC_i_1. This is not good design practice and will likely impact performance. For SLICE registers, for example, use the CE pin to control the loading of data.
WARNING: [DRC PDRC-153] Gated clock check: Net tl/datapath_inst/core_register/o_data1_reg[20]_0 is a gated clock net sourced by a combinational pin tl/datapath_inst/core_register/r_reg_reg[24][20]_LDC_i_1/O, cell tl/datapath_inst/core_register/r_reg_reg[24][20]_LDC_i_1. This is not good design practice and will likely impact performance. For SLICE registers, for example, use the CE pin to control the loading of data.
WARNING: [DRC PDRC-153] Gated clock check: Net tl/datapath_inst/core_register/o_data1_reg[20]_2 is a gated clock net sourced by a combinational pin tl/datapath_inst/core_register/r_reg_reg[7][20]_LDC_i_1/O, cell tl/datapath_inst/core_register/r_reg_reg[7][20]_LDC_i_1. This is not good design practice and will likely impact performance. For SLICE registers, for example, use the CE pin to control the loading of data.
WARNING: [DRC PDRC-153] Gated clock check: Net tl/datapath_inst/core_register/o_data1_reg[21]_0 is a gated clock net sourced by a combinational pin tl/datapath_inst/core_register/r_reg_reg[24][21]_LDC_i_1/O, cell tl/datapath_inst/core_register/r_reg_reg[24][21]_LDC_i_1. This is not good design practice and will likely impact performance. For SLICE registers, for example, use the CE pin to control the loading of data.
WARNING: [DRC PDRC-153] Gated clock check: Net tl/datapath_inst/core_register/o_data1_reg[21]_2 is a gated clock net sourced by a combinational pin tl/datapath_inst/core_register/r_reg_reg[7][21]_LDC_i_1/O, cell tl/datapath_inst/core_register/r_reg_reg[7][21]_LDC_i_1. This is not good design practice and will likely impact performance. For SLICE registers, for example, use the CE pin to control the loading of data.
WARNING: [DRC PDRC-153] Gated clock check: Net tl/datapath_inst/core_register/o_data1_reg[22]_0 is a gated clock net sourced by a combinational pin tl/datapath_inst/core_register/r_reg_reg[24][22]_LDC_i_1/O, cell tl/datapath_inst/core_register/r_reg_reg[24][22]_LDC_i_1. This is not good design practice and will likely impact performance. For SLICE registers, for example, use the CE pin to control the loading of data.
WARNING: [DRC PDRC-153] Gated clock check: Net tl/datapath_inst/core_register/o_data1_reg[22]_2 is a gated clock net sourced by a combinational pin tl/datapath_inst/core_register/r_reg_reg[7][22]_LDC_i_1/O, cell tl/datapath_inst/core_register/r_reg_reg[7][22]_LDC_i_1. This is not good design practice and will likely impact performance. For SLICE registers, for example, use the CE pin to control the loading of data.
WARNING: [DRC PDRC-153] Gated clock check: Net tl/datapath_inst/core_register/o_data1_reg[23]_0 is a gated clock net sourced by a combinational pin tl/datapath_inst/core_register/r_reg_reg[24][23]_LDC_i_1/O, cell tl/datapath_inst/core_register/r_reg_reg[24][23]_LDC_i_1. This is not good design practice and will likely impact performance. For SLICE registers, for example, use the CE pin to control the loading of data.
WARNING: [DRC PDRC-153] Gated clock check: Net tl/datapath_inst/core_register/o_data1_reg[23]_2 is a gated clock net sourced by a combinational pin tl/datapath_inst/core_register/r_reg_reg[7][23]_LDC_i_1/O, cell tl/datapath_inst/core_register/r_reg_reg[7][23]_LDC_i_1. This is not good design practice and will likely impact performance. For SLICE registers, for example, use the CE pin to control the loading of data.
WARNING: [DRC PDRC-153] Gated clock check: Net tl/datapath_inst/core_register/o_data1_reg[24]_0 is a gated clock net sourced by a combinational pin tl/datapath_inst/core_register/r_reg_reg[24][24]_LDC_i_1/O, cell tl/datapath_inst/core_register/r_reg_reg[24][24]_LDC_i_1. This is not good design practice and will likely impact performance. For SLICE registers, for example, use the CE pin to control the loading of data.
WARNING: [DRC PDRC-153] Gated clock check: Net tl/datapath_inst/core_register/o_data1_reg[24]_2 is a gated clock net sourced by a combinational pin tl/datapath_inst/core_register/r_reg_reg[7][24]_LDC_i_1/O, cell tl/datapath_inst/core_register/r_reg_reg[7][24]_LDC_i_1. This is not good design practice and will likely impact performance. For SLICE registers, for example, use the CE pin to control the loading of data.
WARNING: [DRC PDRC-153] Gated clock check: Net tl/datapath_inst/core_register/o_data1_reg[25]_0 is a gated clock net sourced by a combinational pin tl/datapath_inst/core_register/r_reg_reg[24][25]_LDC_i_1/O, cell tl/datapath_inst/core_register/r_reg_reg[24][25]_LDC_i_1. This is not good design practice and will likely impact performance. For SLICE registers, for example, use the CE pin to control the loading of data.
WARNING: [DRC PDRC-153] Gated clock check: Net tl/datapath_inst/core_register/o_data1_reg[25]_2 is a gated clock net sourced by a combinational pin tl/datapath_inst/core_register/r_reg_reg[7][25]_LDC_i_1/O, cell tl/datapath_inst/core_register/r_reg_reg[7][25]_LDC_i_1. This is not good design practice and will likely impact performance. For SLICE registers, for example, use the CE pin to control the loading of data.
WARNING: [DRC PDRC-153] Gated clock check: Net tl/datapath_inst/core_register/o_data1_reg[26]_0 is a gated clock net sourced by a combinational pin tl/datapath_inst/core_register/r_reg_reg[24][26]_LDC_i_1/O, cell tl/datapath_inst/core_register/r_reg_reg[24][26]_LDC_i_1. This is not good design practice and will likely impact performance. For SLICE registers, for example, use the CE pin to control the loading of data.
WARNING: [DRC PDRC-153] Gated clock check: Net tl/datapath_inst/core_register/o_data1_reg[26]_2 is a gated clock net sourced by a combinational pin tl/datapath_inst/core_register/r_reg_reg[7][26]_LDC_i_1/O, cell tl/datapath_inst/core_register/r_reg_reg[7][26]_LDC_i_1. This is not good design practice and will likely impact performance. For SLICE registers, for example, use the CE pin to control the loading of data.
WARNING: [DRC PDRC-153] Gated clock check: Net tl/datapath_inst/core_register/o_data1_reg[27]_0 is a gated clock net sourced by a combinational pin tl/datapath_inst/core_register/r_reg_reg[24][27]_LDC_i_1/O, cell tl/datapath_inst/core_register/r_reg_reg[24][27]_LDC_i_1. This is not good design practice and will likely impact performance. For SLICE registers, for example, use the CE pin to control the loading of data.
WARNING: [DRC PDRC-153] Gated clock check: Net tl/datapath_inst/core_register/o_data1_reg[27]_2 is a gated clock net sourced by a combinational pin tl/datapath_inst/core_register/r_reg_reg[7][27]_LDC_i_1/O, cell tl/datapath_inst/core_register/r_reg_reg[7][27]_LDC_i_1. This is not good design practice and will likely impact performance. For SLICE registers, for example, use the CE pin to control the loading of data.
WARNING: [DRC PDRC-153] Gated clock check: Net tl/datapath_inst/core_register/o_data1_reg[28]_0 is a gated clock net sourced by a combinational pin tl/datapath_inst/core_register/r_reg_reg[24][28]_LDC_i_1/O, cell tl/datapath_inst/core_register/r_reg_reg[24][28]_LDC_i_1. This is not good design practice and will likely impact performance. For SLICE registers, for example, use the CE pin to control the loading of data.
WARNING: [DRC PDRC-153] Gated clock check: Net tl/datapath_inst/core_register/o_data1_reg[28]_2 is a gated clock net sourced by a combinational pin tl/datapath_inst/core_register/r_reg_reg[7][28]_LDC_i_1/O, cell tl/datapath_inst/core_register/r_reg_reg[7][28]_LDC_i_1. This is not good design practice and will likely impact performance. For SLICE registers, for example, use the CE pin to control the loading of data.
WARNING: [DRC PDRC-153] Gated clock check: Net tl/datapath_inst/core_register/o_data1_reg[29]_0 is a gated clock net sourced by a combinational pin tl/datapath_inst/core_register/r_reg_reg[24][29]_LDC_i_1/O, cell tl/datapath_inst/core_register/r_reg_reg[24][29]_LDC_i_1. This is not good design practice and will likely impact performance. For SLICE registers, for example, use the CE pin to control the loading of data.
WARNING: [DRC PDRC-153] Gated clock check: Net tl/datapath_inst/core_register/o_data1_reg[29]_2 is a gated clock net sourced by a combinational pin tl/datapath_inst/core_register/r_reg_reg[7][29]_LDC_i_1/O, cell tl/datapath_inst/core_register/r_reg_reg[7][29]_LDC_i_1. This is not good design practice and will likely impact performance. For SLICE registers, for example, use the CE pin to control the loading of data.
WARNING: [DRC PDRC-153] Gated clock check: Net tl/datapath_inst/core_register/o_data1_reg[2]_0 is a gated clock net sourced by a combinational pin tl/datapath_inst/core_register/r_reg_reg[24][2]_LDC_i_1/O, cell tl/datapath_inst/core_register/r_reg_reg[24][2]_LDC_i_1. This is not good design practice and will likely impact performance. For SLICE registers, for example, use the CE pin to control the loading of data.
WARNING: [DRC PDRC-153] Gated clock check: Net tl/datapath_inst/core_register/o_data1_reg[2]_2 is a gated clock net sourced by a combinational pin tl/datapath_inst/core_register/r_reg_reg[7][2]_LDC_i_1/O, cell tl/datapath_inst/core_register/r_reg_reg[7][2]_LDC_i_1. This is not good design practice and will likely impact performance. For SLICE registers, for example, use the CE pin to control the loading of data.
WARNING: [DRC PDRC-153] Gated clock check: Net tl/datapath_inst/core_register/o_data1_reg[30]_0 is a gated clock net sourced by a combinational pin tl/datapath_inst/core_register/r_reg_reg[24][30]_LDC_i_1/O, cell tl/datapath_inst/core_register/r_reg_reg[24][30]_LDC_i_1. This is not good design practice and will likely impact performance. For SLICE registers, for example, use the CE pin to control the loading of data.
WARNING: [DRC PDRC-153] Gated clock check: Net tl/datapath_inst/core_register/o_data1_reg[30]_2 is a gated clock net sourced by a combinational pin tl/datapath_inst/core_register/r_reg_reg[7][30]_LDC_i_1/O, cell tl/datapath_inst/core_register/r_reg_reg[7][30]_LDC_i_1. This is not good design practice and will likely impact performance. For SLICE registers, for example, use the CE pin to control the loading of data.
WARNING: [DRC PDRC-153] Gated clock check: Net tl/datapath_inst/core_register/o_data1_reg[31]_0 is a gated clock net sourced by a combinational pin tl/datapath_inst/core_register/r_reg_reg[24][31]_LDC_i_1/O, cell tl/datapath_inst/core_register/r_reg_reg[24][31]_LDC_i_1. This is not good design practice and will likely impact performance. For SLICE registers, for example, use the CE pin to control the loading of data.
WARNING: [DRC PDRC-153] Gated clock check: Net tl/datapath_inst/core_register/o_data1_reg[31]_2 is a gated clock net sourced by a combinational pin tl/datapath_inst/core_register/r_reg_reg[7][31]_LDC_i_1/O, cell tl/datapath_inst/core_register/r_reg_reg[7][31]_LDC_i_1. This is not good design practice and will likely impact performance. For SLICE registers, for example, use the CE pin to control the loading of data.
WARNING: [DRC PDRC-153] Gated clock check: Net tl/datapath_inst/core_register/o_data1_reg[3]_0 is a gated clock net sourced by a combinational pin tl/datapath_inst/core_register/r_reg_reg[24][3]_LDC_i_1/O, cell tl/datapath_inst/core_register/r_reg_reg[24][3]_LDC_i_1. This is not good design practice and will likely impact performance. For SLICE registers, for example, use the CE pin to control the loading of data.
WARNING: [DRC PDRC-153] Gated clock check: Net tl/datapath_inst/core_register/o_data1_reg[3]_2 is a gated clock net sourced by a combinational pin tl/datapath_inst/core_register/r_reg_reg[7][3]_LDC_i_1/O, cell tl/datapath_inst/core_register/r_reg_reg[7][3]_LDC_i_1. This is not good design practice and will likely impact performance. For SLICE registers, for example, use the CE pin to control the loading of data.
WARNING: [DRC PDRC-153] Gated clock check: Net tl/datapath_inst/core_register/o_data1_reg[4]_0 is a gated clock net sourced by a combinational pin tl/datapath_inst/core_register/r_reg_reg[24][4]_LDC_i_1/O, cell tl/datapath_inst/core_register/r_reg_reg[24][4]_LDC_i_1. This is not good design practice and will likely impact performance. For SLICE registers, for example, use the CE pin to control the loading of data.
WARNING: [DRC PDRC-153] Gated clock check: Net tl/datapath_inst/core_register/o_data1_reg[4]_2 is a gated clock net sourced by a combinational pin tl/datapath_inst/core_register/r_reg_reg[7][4]_LDC_i_1/O, cell tl/datapath_inst/core_register/r_reg_reg[7][4]_LDC_i_1. This is not good design practice and will likely impact performance. For SLICE registers, for example, use the CE pin to control the loading of data.
WARNING: [DRC PDRC-153] Gated clock check: Net tl/datapath_inst/core_register/o_data1_reg[5]_0 is a gated clock net sourced by a combinational pin tl/datapath_inst/core_register/r_reg_reg[24][5]_LDC_i_1/O, cell tl/datapath_inst/core_register/r_reg_reg[24][5]_LDC_i_1. This is not good design practice and will likely impact performance. For SLICE registers, for example, use the CE pin to control the loading of data.
WARNING: [DRC PDRC-153] Gated clock check: Net tl/datapath_inst/core_register/o_data1_reg[5]_2 is a gated clock net sourced by a combinational pin tl/datapath_inst/core_register/r_reg_reg[7][5]_LDC_i_1/O, cell tl/datapath_inst/core_register/r_reg_reg[7][5]_LDC_i_1. This is not good design practice and will likely impact performance. For SLICE registers, for example, use the CE pin to control the loading of data.
WARNING: [DRC PDRC-153] Gated clock check: Net tl/datapath_inst/core_register/o_data1_reg[6]_0 is a gated clock net sourced by a combinational pin tl/datapath_inst/core_register/r_reg_reg[24][6]_LDC_i_1/O, cell tl/datapath_inst/core_register/r_reg_reg[24][6]_LDC_i_1. This is not good design practice and will likely impact performance. For SLICE registers, for example, use the CE pin to control the loading of data.
WARNING: [DRC PDRC-153] Gated clock check: Net tl/datapath_inst/core_register/o_data1_reg[6]_2 is a gated clock net sourced by a combinational pin tl/datapath_inst/core_register/r_reg_reg[7][6]_LDC_i_1/O, cell tl/datapath_inst/core_register/r_reg_reg[7][6]_LDC_i_1. This is not good design practice and will likely impact performance. For SLICE registers, for example, use the CE pin to control the loading of data.
WARNING: [DRC PDRC-153] Gated clock check: Net tl/datapath_inst/core_register/o_data1_reg[7]_0 is a gated clock net sourced by a combinational pin tl/datapath_inst/core_register/r_reg_reg[24][7]_LDC_i_1/O, cell tl/datapath_inst/core_register/r_reg_reg[24][7]_LDC_i_1. This is not good design practice and will likely impact performance. For SLICE registers, for example, use the CE pin to control the loading of data.
WARNING: [DRC PDRC-153] Gated clock check: Net tl/datapath_inst/core_register/o_data1_reg[7]_2 is a gated clock net sourced by a combinational pin tl/datapath_inst/core_register/r_reg_reg[7][7]_LDC_i_1/O, cell tl/datapath_inst/core_register/r_reg_reg[7][7]_LDC_i_1. This is not good design practice and will likely impact performance. For SLICE registers, for example, use the CE pin to control the loading of data.
WARNING: [DRC PDRC-153] Gated clock check: Net tl/datapath_inst/core_register/o_data1_reg[8]_0 is a gated clock net sourced by a combinational pin tl/datapath_inst/core_register/r_reg_reg[24][8]_LDC_i_1/O, cell tl/datapath_inst/core_register/r_reg_reg[24][8]_LDC_i_1. This is not good design practice and will likely impact performance. For SLICE registers, for example, use the CE pin to control the loading of data.
WARNING: [DRC PDRC-153] Gated clock check: Net tl/datapath_inst/core_register/o_data1_reg[8]_2 is a gated clock net sourced by a combinational pin tl/datapath_inst/core_register/r_reg_reg[7][8]_LDC_i_1/O, cell tl/datapath_inst/core_register/r_reg_reg[7][8]_LDC_i_1. This is not good design practice and will likely impact performance. For SLICE registers, for example, use the CE pin to control the loading of data.
WARNING: [DRC PDRC-153] Gated clock check: Net tl/datapath_inst/core_register/o_data1_reg[9]_0 is a gated clock net sourced by a combinational pin tl/datapath_inst/core_register/r_reg_reg[24][9]_LDC_i_1/O, cell tl/datapath_inst/core_register/r_reg_reg[24][9]_LDC_i_1. This is not good design practice and will likely impact performance. For SLICE registers, for example, use the CE pin to control the loading of data.
WARNING: [DRC PDRC-153] Gated clock check: Net tl/datapath_inst/core_register/o_data1_reg[9]_2 is a gated clock net sourced by a combinational pin tl/datapath_inst/core_register/r_reg_reg[7][9]_LDC_i_1/O, cell tl/datapath_inst/core_register/r_reg_reg[7][9]_LDC_i_1. This is not good design practice and will likely impact performance. For SLICE registers, for example, use the CE pin to control the loading of data.
WARNING: [DRC PDRC-153] Gated clock check: Net tl/datapath_inst/instruction_register/o_data1_reg[0] is a gated clock net sourced by a combinational pin tl/datapath_inst/instruction_register/r_reg_reg[29][0]_LDC_i_1/O, cell tl/datapath_inst/instruction_register/r_reg_reg[29][0]_LDC_i_1. This is not good design practice and will likely impact performance. For SLICE registers, for example, use the CE pin to control the loading of data.
WARNING: [DRC PDRC-153] Gated clock check: Net tl/datapath_inst/instruction_register/o_data1_reg[0]_0 is a gated clock net sourced by a combinational pin tl/datapath_inst/instruction_register/r_reg_reg[27][0]_LDC_i_1/O, cell tl/datapath_inst/instruction_register/r_reg_reg[27][0]_LDC_i_1. This is not good design practice and will likely impact performance. For SLICE registers, for example, use the CE pin to control the loading of data.
WARNING: [DRC PDRC-153] Gated clock check: Net tl/datapath_inst/instruction_register/o_data1_reg[0]_1 is a gated clock net sourced by a combinational pin tl/datapath_inst/instruction_register/r_reg_reg[26][0]_LDC_i_1/O, cell tl/datapath_inst/instruction_register/r_reg_reg[26][0]_LDC_i_1. This is not good design practice and will likely impact performance. For SLICE registers, for example, use the CE pin to control the loading of data.
WARNING: [DRC PDRC-153] Gated clock check: Net tl/datapath_inst/instruction_register/o_data1_reg[0]_12 is a gated clock net sourced by a combinational pin tl/datapath_inst/instruction_register/r_reg_reg[28][0]_LDC_i_1/O, cell tl/datapath_inst/instruction_register/r_reg_reg[28][0]_LDC_i_1. This is not good design practice and will likely impact performance. For SLICE registers, for example, use the CE pin to control the loading of data.
WARNING: [DRC PDRC-153] Gated clock check: Net tl/datapath_inst/instruction_register/o_data1_reg[0]_15 is a gated clock net sourced by a combinational pin tl/datapath_inst/instruction_register/r_reg_reg[30][0]_LDC_i_1/O, cell tl/datapath_inst/instruction_register/r_reg_reg[30][0]_LDC_i_1. This is not good design practice and will likely impact performance. For SLICE registers, for example, use the CE pin to control the loading of data.
WARNING: [DRC PDRC-153] Gated clock check: Net tl/datapath_inst/instruction_register/o_data1_reg[0]_16 is a gated clock net sourced by a combinational pin tl/datapath_inst/instruction_register/r_reg_reg[15][0]_LDC_i_1/O, cell tl/datapath_inst/instruction_register/r_reg_reg[15][0]_LDC_i_1. This is not good design practice and will likely impact performance. For SLICE registers, for example, use the CE pin to control the loading of data.
WARNING: [DRC PDRC-153] Gated clock check: Net tl/datapath_inst/instruction_register/o_data1_reg[0]_19 is a gated clock net sourced by a combinational pin tl/datapath_inst/instruction_register/r_reg_reg[19][0]_LDC_i_1/O, cell tl/datapath_inst/instruction_register/r_reg_reg[19][0]_LDC_i_1. This is not good design practice and will likely impact performance. For SLICE registers, for example, use the CE pin to control the loading of data.
WARNING: [DRC PDRC-153] Gated clock check: Net tl/datapath_inst/instruction_register/o_data1_reg[0]_2 is a gated clock net sourced by a combinational pin tl/datapath_inst/instruction_register/r_reg_reg[25][0]_LDC_i_1/O, cell tl/datapath_inst/instruction_register/r_reg_reg[25][0]_LDC_i_1. This is not good design practice and will likely impact performance. For SLICE registers, for example, use the CE pin to control the loading of data.
WARNING: [DRC PDRC-153] Gated clock check: Net tl/datapath_inst/instruction_register/o_data1_reg[0]_20 is a gated clock net sourced by a combinational pin tl/datapath_inst/instruction_register/r_reg_reg[21][0]_LDC_i_1/O, cell tl/datapath_inst/instruction_register/r_reg_reg[21][0]_LDC_i_1. This is not good design practice and will likely impact performance. For SLICE registers, for example, use the CE pin to control the loading of data.
WARNING: [DRC PDRC-153] Gated clock check: Net tl/datapath_inst/instruction_register/o_data1_reg[0]_21 is a gated clock net sourced by a combinational pin tl/datapath_inst/instruction_register/r_reg_reg[17][0]_LDC_i_1/O, cell tl/datapath_inst/instruction_register/r_reg_reg[17][0]_LDC_i_1. This is not good design practice and will likely impact performance. For SLICE registers, for example, use the CE pin to control the loading of data.
WARNING: [DRC PDRC-153] Gated clock check: Net tl/datapath_inst/instruction_register/o_data1_reg[0]_22 is a gated clock net sourced by a combinational pin tl/datapath_inst/instruction_register/r_reg_reg[23][0]_LDC_i_1/O, cell tl/datapath_inst/instruction_register/r_reg_reg[23][0]_LDC_i_1. This is not good design practice and will likely impact performance. For SLICE registers, for example, use the CE pin to control the loading of data.
WARNING: [DRC PDRC-153] Gated clock check: Net tl/datapath_inst/instruction_register/o_data1_reg[0]_23 is a gated clock net sourced by a combinational pin tl/datapath_inst/instruction_register/r_reg_reg[16][0]_LDC_i_1/O, cell tl/datapath_inst/instruction_register/r_reg_reg[16][0]_LDC_i_1. This is not good design practice and will likely impact performance. For SLICE registers, for example, use the CE pin to control the loading of data.
WARNING: [DRC PDRC-153] Gated clock check: Net tl/datapath_inst/instruction_register/o_data1_reg[0]_24 is a gated clock net sourced by a combinational pin tl/datapath_inst/instruction_register/r_reg_reg[31][0]_LDC_i_1/O, cell tl/datapath_inst/instruction_register/r_reg_reg[31][0]_LDC_i_1. This is not good design practice and will likely impact performance. For SLICE registers, for example, use the CE pin to control the loading of data.
WARNING: [DRC PDRC-153] Gated clock check: Net tl/datapath_inst/instruction_register/o_data1_reg[0]_25 is a gated clock net sourced by a combinational pin tl/datapath_inst/instruction_register/r_reg_reg[20][0]_LDC_i_1/O, cell tl/datapath_inst/instruction_register/r_reg_reg[20][0]_LDC_i_1. This is not good design practice and will likely impact performance. For SLICE registers, for example, use the CE pin to control the loading of data.
WARNING: [DRC PDRC-153] Gated clock check: Net tl/datapath_inst/instruction_register/o_data1_reg[0]_26 is a gated clock net sourced by a combinational pin tl/datapath_inst/instruction_register/r_reg_reg[22][0]_LDC_i_1/O, cell tl/datapath_inst/instruction_register/r_reg_reg[22][0]_LDC_i_1. This is not good design practice and will likely impact performance. For SLICE registers, for example, use the CE pin to control the loading of data.
WARNING: [DRC PDRC-153] Gated clock check: Net tl/datapath_inst/instruction_register/o_data1_reg[0]_33 is a gated clock net sourced by a combinational pin tl/datapath_inst/instruction_register/r_reg_reg[12][0]_LDC_i_1/O, cell tl/datapath_inst/instruction_register/r_reg_reg[12][0]_LDC_i_1. This is not good design practice and will likely impact performance. For SLICE registers, for example, use the CE pin to control the loading of data.
WARNING: [DRC PDRC-153] Gated clock check: Net tl/datapath_inst/instruction_register/o_data1_reg[0]_34 is a gated clock net sourced by a combinational pin tl/datapath_inst/instruction_register/r_reg_reg[10][0]_LDC_i_1/O, cell tl/datapath_inst/instruction_register/r_reg_reg[10][0]_LDC_i_1. This is not good design practice and will likely impact performance. For SLICE registers, for example, use the CE pin to control the loading of data.
WARNING: [DRC PDRC-153] Gated clock check: Net tl/datapath_inst/instruction_register/o_data1_reg[0]_35 is a gated clock net sourced by a combinational pin tl/datapath_inst/instruction_register/r_reg_reg[14][0]_LDC_i_1/O, cell tl/datapath_inst/instruction_register/r_reg_reg[14][0]_LDC_i_1. This is not good design practice and will likely impact performance. For SLICE registers, for example, use the CE pin to control the loading of data.
WARNING: [DRC PDRC-153] Gated clock check: Net tl/datapath_inst/instruction_register/o_data1_reg[0]_36 is a gated clock net sourced by a combinational pin tl/datapath_inst/instruction_register/r_reg_reg[13][0]_LDC_i_1/O, cell tl/datapath_inst/instruction_register/r_reg_reg[13][0]_LDC_i_1. This is not good design practice and will likely impact performance. For SLICE registers, for example, use the CE pin to control the loading of data.
WARNING: [DRC PDRC-153] Gated clock check: Net tl/datapath_inst/instruction_register/o_data1_reg[0]_37 is a gated clock net sourced by a combinational pin tl/datapath_inst/instruction_register/r_reg_reg[11][0]_LDC_i_1/O, cell tl/datapath_inst/instruction_register/r_reg_reg[11][0]_LDC_i_1. This is not good design practice and will likely impact performance. For SLICE registers, for example, use the CE pin to control the loading of data.
WARNING: [DRC PDRC-153] Gated clock check: Net tl/datapath_inst/instruction_register/o_data1_reg[0]_38 is a gated clock net sourced by a combinational pin tl/datapath_inst/instruction_register/r_reg_reg[9][0]_LDC_i_1/O, cell tl/datapath_inst/instruction_register/r_reg_reg[9][0]_LDC_i_1. This is not good design practice and will likely impact performance. For SLICE registers, for example, use the CE pin to control the loading of data.
WARNING: [DRC PDRC-153] Gated clock check: Net tl/datapath_inst/instruction_register/o_data1_reg[0]_39 is a gated clock net sourced by a combinational pin tl/datapath_inst/instruction_register/r_reg_reg[3][0]_LDC_i_1/O, cell tl/datapath_inst/instruction_register/r_reg_reg[3][0]_LDC_i_1. This is not good design practice and will likely impact performance. For SLICE registers, for example, use the CE pin to control the loading of data.
WARNING: [DRC PDRC-153] Gated clock check: Net tl/datapath_inst/instruction_register/o_data1_reg[0]_40 is a gated clock net sourced by a combinational pin tl/datapath_inst/instruction_register/r_reg_reg[5][0]_LDC_i_1/O, cell tl/datapath_inst/instruction_register/r_reg_reg[5][0]_LDC_i_1. This is not good design practice and will likely impact performance. For SLICE registers, for example, use the CE pin to control the loading of data.
WARNING: [DRC PDRC-153] Gated clock check: Net tl/datapath_inst/instruction_register/o_data1_reg[0]_41 is a gated clock net sourced by a combinational pin tl/datapath_inst/instruction_register/r_reg_reg[6][0]_LDC_i_1/O, cell tl/datapath_inst/instruction_register/r_reg_reg[6][0]_LDC_i_1. This is not good design practice and will likely impact performance. For SLICE registers, for example, use the CE pin to control the loading of data.
WARNING: [DRC PDRC-153] Gated clock check: Net tl/datapath_inst/instruction_register/o_data1_reg[0]_42 is a gated clock net sourced by a combinational pin tl/datapath_inst/instruction_register/r_reg_reg[0][0]_LDC_i_1/O, cell tl/datapath_inst/instruction_register/r_reg_reg[0][0]_LDC_i_1. This is not good design practice and will likely impact performance. For SLICE registers, for example, use the CE pin to control the loading of data.
WARNING: [DRC PDRC-153] Gated clock check: Net tl/datapath_inst/instruction_register/o_data1_reg[0]_48 is a gated clock net sourced by a combinational pin tl/datapath_inst/instruction_register/r_reg_reg[4][0]_LDC_i_1/O, cell tl/datapath_inst/instruction_register/r_reg_reg[4][0]_LDC_i_1. This is not good design practice and will likely impact performance. For SLICE registers, for example, use the CE pin to control the loading of data.
WARNING: [DRC PDRC-153] Gated clock check: Net tl/datapath_inst/instruction_register/o_data1_reg[0]_51 is a gated clock net sourced by a combinational pin tl/datapath_inst/instruction_register/r_reg_reg[1][0]_LDC_i_1/O, cell tl/datapath_inst/instruction_register/r_reg_reg[1][0]_LDC_i_1. This is not good design practice and will likely impact performance. For SLICE registers, for example, use the CE pin to control the loading of data.
WARNING: [DRC PDRC-153] Gated clock check: Net tl/datapath_inst/instruction_register/o_data1_reg[0]_52 is a gated clock net sourced by a combinational pin tl/datapath_inst/instruction_register/r_reg_reg[2][0]_LDC_i_1/O, cell tl/datapath_inst/instruction_register/r_reg_reg[2][0]_LDC_i_1. This is not good design practice and will likely impact performance. For SLICE registers, for example, use the CE pin to control the loading of data.
WARNING: [DRC PDRC-153] Gated clock check: Net tl/datapath_inst/instruction_register/o_data1_reg[0]_53 is a gated clock net sourced by a combinational pin tl/datapath_inst/instruction_register/r_reg_reg[8][0]_LDC_i_1/O, cell tl/datapath_inst/instruction_register/r_reg_reg[8][0]_LDC_i_1. This is not good design practice and will likely impact performance. For SLICE registers, for example, use the CE pin to control the loading of data.
WARNING: [DRC PDRC-153] Gated clock check: Net tl/datapath_inst/instruction_register/o_data1_reg[0]_9 is a gated clock net sourced by a combinational pin tl/datapath_inst/instruction_register/r_reg_reg[18][0]_LDC_i_1/O, cell tl/datapath_inst/instruction_register/r_reg_reg[18][0]_LDC_i_1. This is not good design practice and will likely impact performance. For SLICE registers, for example, use the CE pin to control the loading of data.
WARNING: [DRC PDRC-153] Gated clock check: Net tl/datapath_inst/instruction_register/o_data1_reg[10] is a gated clock net sourced by a combinational pin tl/datapath_inst/instruction_register/r_reg_reg[29][10]_LDC_i_1/O, cell tl/datapath_inst/instruction_register/r_reg_reg[29][10]_LDC_i_1. This is not good design practice and will likely impact performance. For SLICE registers, for example, use the CE pin to control the loading of data.
WARNING: [DRC PDRC-153] Gated clock check: Net tl/datapath_inst/instruction_register/o_data1_reg[10]_0 is a gated clock net sourced by a combinational pin tl/datapath_inst/instruction_register/r_reg_reg[27][10]_LDC_i_1/O, cell tl/datapath_inst/instruction_register/r_reg_reg[27][10]_LDC_i_1. This is not good design practice and will likely impact performance. For SLICE registers, for example, use the CE pin to control the loading of data.
WARNING: [DRC PDRC-153] Gated clock check: Net tl/datapath_inst/instruction_register/o_data1_reg[10]_1 is a gated clock net sourced by a combinational pin tl/datapath_inst/instruction_register/r_reg_reg[26][10]_LDC_i_1/O, cell tl/datapath_inst/instruction_register/r_reg_reg[26][10]_LDC_i_1. This is not good design practice and will likely impact performance. For SLICE registers, for example, use the CE pin to control the loading of data.
WARNING: [DRC PDRC-153] Gated clock check: Net tl/datapath_inst/instruction_register/o_data1_reg[10]_12 is a gated clock net sourced by a combinational pin tl/datapath_inst/instruction_register/r_reg_reg[28][10]_LDC_i_1/O, cell tl/datapath_inst/instruction_register/r_reg_reg[28][10]_LDC_i_1. This is not good design practice and will likely impact performance. For SLICE registers, for example, use the CE pin to control the loading of data.
WARNING: [DRC PDRC-153] Gated clock check: Net tl/datapath_inst/instruction_register/o_data1_reg[10]_15 is a gated clock net sourced by a combinational pin tl/datapath_inst/instruction_register/r_reg_reg[30][10]_LDC_i_1/O, cell tl/datapath_inst/instruction_register/r_reg_reg[30][10]_LDC_i_1. This is not good design practice and will likely impact performance. For SLICE registers, for example, use the CE pin to control the loading of data.
INFO: [Common 17-14] Message 'DRC PDRC-153' appears 100 times and further instances of the messages will be disabled. Use the Tcl command set_msg_config to change the current settings.
WARNING: [DRC ZPS7-1] PS7 block required: The PS7 cell must be used in this Zynq design in order to enable correct default configuration.
INFO: [Vivado 12-3199] DRC finished with 0 Errors, 1282 Warnings
INFO: [Vivado 12-3200] Please refer to the DRC report (report_drc) for more information.
INFO: [Designutils 20-2272] Running write_bitstream with 2 threads.
Loading data files...
Loading site data...
Loading route data...
Processing options...
Creating bitmap...
Creating bitstream...
Writing bitstream ./demonstration.bit...
INFO: [Vivado 12-1842] Bitgen Completed Successfully.
INFO: [Project 1-1876] WebTalk data collection is mandatory when using a ULT device. To see the specific WebTalk data collected for your design, open the usage_statistics_webtalk.html or usage_statistics_webtalk.xml file in the implementation directory.
INFO: [Common 17-83] Releasing license: Implementation
13 Infos, 101 Warnings, 0 Critical Warnings and 0 Errors encountered.
write_bitstream completed successfully
write_bitstream: Time (s): cpu = 00:00:18 ; elapsed = 00:00:15 . Memory (MB): peak = 2505.824 ; gain = 465.195
INFO: [Common 17-206] Exiting Vivado at Wed Jan 17 07:02:10 2024...
